Access order: GET/index.htmlHTTP/1.1
Client IP: /127.0.0.1
Date and hour: Fri Mar 26 16:55:23 CET 2021
Code status: 200 OK
Size: 216bytes


Access order: GET/index.htmlHTTP/1.1
Client IP: /127.0.0.1
Date and hour: Fri Mar 26 16:55:23 CET 2021
Code status: 200 OK
Size: 216bytes


Access order: GET/udc.gifHTTP/1.1
Client IP: /127.0.0.1
Date and hour: Fri Mar 26 16:55:24 CET 2021
Code status: 200 OK
Size: 4250bytes


Access order: GET/fic.pngHTTP/1.1
Client IP: /127.0.0.1
Date and hour: Fri Mar 26 16:55:24 CET 2021
Code status: 200 OK
Size: 13320bytes


Access order: GET/LICENSE.txtHTTP/1.1
Client IP: /127.0.0.1
Date and hour: Fri Mar 26 16:55:24 CET 2021
Code status: 200 OK
Size: 579bytes


Access order: HEAD/index.htmlHTTP/1.1
Client IP: /127.0.0.1
Date and hour: Fri Mar 26 16:55:24 CET 2021
Code status: 200 OK
Size: 216bytes


Access order: HEAD/udc.gifHTTP/1.1
Client IP: /127.0.0.1
Date and hour: Fri Mar 26 16:55:24 CET 2021
Code status: 200 OK
Size: 4250bytes


Access order: GET/index.htmlHTTP/1.1
Client IP: /127.0.0.1
Date and hour: Fri Mar 26 17:05:28 CET 2021
Code status: 200 OK
Size: 216bytes


Access order: GET/index.htmlHTTP/1.1
Client IP: /127.0.0.1
Date and hour: Fri Mar 26 17:05:28 CET 2021
Code status: 200 OK
Size: 216bytes


Access order: GET/udc.gifHTTP/1.1
Client IP: /127.0.0.1
Date and hour: Fri Mar 26 17:05:28 CET 2021
Code status: 200 OK
Size: 4250bytes


Access order: GET/fic.pngHTTP/1.1
Client IP: /127.0.0.1
Date and hour: Fri Mar 26 17:05:28 CET 2021
Code status: 200 OK
Size: 13320bytes


Access order: GET/LICENSE.txtHTTP/1.1
Client IP: /127.0.0.1
Date and hour: Fri Mar 26 17:05:28 CET 2021
Code status: 200 OK
Size: 579bytes


Access order: HEAD/index.htmlHTTP/1.1
Client IP: /127.0.0.1
Date and hour: Fri Mar 26 17:05:28 CET 2021
Code status: 200 OK
Size: 216bytes


Access order: HEAD/udc.gifHTTP/1.1
Client IP: /127.0.0.1
Date and hour: Fri Mar 26 17:05:28 CET 2021
Code status: 200 OK
Size: 4250bytes


Access order: GET/index.htmlHTTP/1.1
Client IP: /127.0.0.1
Date and hour: Fri Mar 26 17:14:33 CET 2021
Code status: 200 OK
Size: 216bytes


Access order: GET/index.htmlHTTP/1.1
Client IP: /127.0.0.1
Date and hour: Fri Mar 26 17:14:33 CET 2021
Code status: 200 OK
Size: 216bytes


Access order: GET/udc.gifHTTP/1.1
Client IP: /127.0.0.1
Date and hour: Fri Mar 26 17:14:33 CET 2021
Code status: 200 OK
Size: 4250bytes


Access order: GET/fic.pngHTTP/1.1
Client IP: /127.0.0.1
Date and hour: Fri Mar 26 17:14:33 CET 2021
Code status: 200 OK
Size: 13320bytes


Access order: GET/LICENSE.txtHTTP/1.1
Client IP: /127.0.0.1
Date and hour: Fri Mar 26 17:14:33 CET 2021
Code status: 200 OK
Size: 579bytes


Access order: HEAD/index.htmlHTTP/1.1
Client IP: /127.0.0.1
Date and hour: Fri Mar 26 17:14:33 CET 2021
Code status: 200 OK
Size: 216bytes


Access order: HEAD/udc.gifHTTP/1.1
Client IP: /127.0.0.1
Date and hour: Fri Mar 26 17:14:33 CET 2021
Code status: 200 OK
Size: 4250bytes


